<?xml version="1.0" encoding="UTF-8"?>
<!-- Generated by org.testng.reporters.JUnitReportReporter -->
<testsuite skipped="0" hostname="BYMAT-Automation" name="testcases.TitleSectionTest" tests="1" failures="0" timestamp="13 Oct 2022 14:40:56 GMT" time="21.294" errors="0">
  <testcase name="validateTitle" time="21.294" classname="testcases.TitleSectionTest"/>
</testsuite> <!-- testcases.TitleSectionTest -->
