<?xml version="1.0" encoding="UTF-8"?>
<!-- Generated by org.testng.reporters.JUnitReportReporter -->
<testsuite skipped="0" hostname="BYMAT-Automation" name="testcases.FlipboardLoginTest" tests="2" failures="0" timestamp="13 Oct 2022 17:28:34 GMT" time="5.892" errors="0">
  <testcase name="validateGetStartedButton" time="0.376" classname="testcases.FlipboardLoginTest"/>
  <testcase name="chooseTopicsTest" time="5.516" classname="testcases.FlipboardLoginTest"/>
</testsuite> <!-- testcases.FlipboardLoginTest -->
