<?xml version="1.0" encoding="UTF-8"?>
<!-- Generated by org.testng.reporters.JUnitReportReporter -->
<testsuite skipped="0" hostname="BYMAT-Automation" name="testcases.FlipboardLoginTest" tests="2" failures="0" timestamp="13 Oct 2022 18:12:11 GMT" time="6.065" errors="0">
  <testcase name="validateGetStartedButton" time="0.443" classname="testcases.FlipboardLoginTest"/>
  <testcase name="chooseTopicsTest" time="5.622" classname="testcases.FlipboardLoginTest"/>
</testsuite> <!-- testcases.FlipboardLoginTest -->
